<?xml version="1.0" encoding="UTF-8"?>
<testng-results ignored="0" total="11" passed="11" failed="0" skipped="0">
  <reporter-output>
  </reporter-output>
  <suite started-at="2025-06-27T00:14:47 IST" name="Default suite" finished-at="2025-06-27T00:15:28 IST" duration-ms="41155">
    <groups>
    </groups>
    <test started-at="2025-06-27T00:14:47 IST" name="Default test" finished-at="2025-06-27T00:15:28 IST" duration-ms="41155">
      <class name="testCases.TC001_Register_User">
        <test-method is-config="true" signature="setup()[pri:0, instance:testCases.TC001_Register_User@7354b8c5]" started-at="2025-06-27T00:14:47 IST" name="setup" finished-at="2025-06-27T00:15:05 IST" duration-ms="18009" status="PASS">
          <reporter-output>
          </reporter-output>
        </test-method> <!-- setup -->
        <test-method signature="verify_Subscription_Msg()[pri:1, instance:testCases.TC001_Register_User@7354b8c5]" started-at="2025-06-27T00:15:05 IST" name="verify_Subscription_Msg" finished-at="2025-06-27T00:15:05 IST" duration-ms="126" status="PASS">
          <reporter-output>
          </reporter-output>
        </test-method> <!-- verify_Subscription_Msg -->
        <test-method signature="clickOn_Signup()[pri:2, instance:testCases.TC001_Register_User@7354b8c5]" started-at="2025-06-27T00:15:05 IST" name="clickOn_Signup" finished-at="2025-06-27T00:15:07 IST" duration-ms="2082" status="PASS">
          <reporter-output>
          </reporter-output>
        </test-method> <!-- clickOn_Signup -->
        <test-method signature="verify_NewUser_Msg()[pri:3, instance:testCases.TC001_Register_User@7354b8c5]" started-at="2025-06-27T00:15:07 IST" name="verify_NewUser_Msg" finished-at="2025-06-27T00:15:08 IST" depends-on-methods="testCases.TC001_Register_User.clickOn_Signup" duration-ms="49" status="PASS">
          <reporter-output>
          </reporter-output>
        </test-method> <!-- verify_NewUser_Msg -->
        <test-method signature="set_UserDetails()[pri:4, instance:testCases.TC001_Register_User@7354b8c5]" started-at="2025-06-27T00:15:08 IST" name="set_UserDetails" finished-at="2025-06-27T00:15:10 IST" depends-on-methods="testCases.TC001_Register_User.clickOn_Signup" duration-ms="2964" status="PASS">
          <reporter-output>
          </reporter-output>
        </test-method> <!-- set_UserDetails -->
        <test-method signature="verify_AccountDetails()[pri:5, instance:testCases.TC001_Register_User@7354b8c5]" started-at="2025-06-27T00:15:11 IST" name="verify_AccountDetails" finished-at="2025-06-27T00:15:11 IST" depends-on-methods="testCases.TC001_Register_User.set_UserDetails" duration-ms="49" status="PASS">
          <reporter-output>
          </reporter-output>
        </test-method> <!-- verify_AccountDetails -->
        <test-method signature="set_AccountDetails()[pri:6, instance:testCases.TC001_Register_User@7354b8c5]" started-at="2025-06-27T00:15:11 IST" name="set_AccountDetails" finished-at="2025-06-27T00:15:18 IST" depends-on-methods="testCases.TC001_Register_User.set_UserDetails" duration-ms="7306" status="PASS">
          <reporter-output>
          </reporter-output>
        </test-method> <!-- set_AccountDetails -->
        <test-method signature="verify_AccountCreation()[pri:7, instance:testCases.TC001_Register_User@7354b8c5]" started-at="2025-06-27T00:15:18 IST" name="verify_AccountCreation" finished-at="2025-06-27T00:15:18 IST" depends-on-methods="testCases.TC001_Register_User.set_AccountDetails" duration-ms="47" status="PASS">
          <reporter-output>
          </reporter-output>
        </test-method> <!-- verify_AccountCreation -->
        <test-method signature="click_ContinueBtn()[pri:8, instance:testCases.TC001_Register_User@7354b8c5]" started-at="2025-06-27T00:15:18 IST" name="click_ContinueBtn" finished-at="2025-06-27T00:15:22 IST" depends-on-methods="testCases.TC001_Register_User.verify_AccountCreation" duration-ms="4372" status="PASS">
          <reporter-output>
          </reporter-output>
        </test-method> <!-- click_ContinueBtn -->
        <test-method signature="verify_UserName_Visibility()[pri:9, instance:testCases.TC001_Register_User@7354b8c5]" started-at="2025-06-27T00:15:22 IST" name="verify_UserName_Visibility" finished-at="2025-06-27T00:15:23 IST" depends-on-methods="testCases.TC001_Register_User.click_ContinueBtn" duration-ms="1102" status="PASS">
          <reporter-output>
          </reporter-output>
        </test-method> <!-- verify_UserName_Visibility -->
        <test-method signature="verify_Account_Deletion()[pri:10, instance:testCases.TC001_Register_User@7354b8c5]" started-at="2025-06-27T00:15:23 IST" name="verify_Account_Deletion" finished-at="2025-06-27T00:15:24 IST" depends-on-methods="testCases.TC001_Register_User.click_ContinueBtn" duration-ms="49" status="PASS">
          <reporter-output>
          </reporter-output>
        </test-method> <!-- verify_Account_Deletion -->
        <test-method signature="back_Home()[pri:11, instance:testCases.TC001_Register_User@7354b8c5]" started-at="2025-06-27T00:15:24 IST" name="back_Home" finished-at="2025-06-27T00:15:26 IST" depends-on-methods="testCases.TC001_Register_User.verify_Account_Deletion" duration-ms="2728" status="PASS">
          <reporter-output>
          </reporter-output>
        </test-method> <!-- back_Home -->
        <test-method is-config="true" signature="tearDown()[pri:0, instance:testCases.TC001_Register_User@7354b8c5]" started-at="2025-06-27T00:15:26 IST" name="tearDown" finished-at="2025-06-27T00:15:28 IST" duration-ms="2055" status="PASS">
          <reporter-output>
          </reporter-output>
        </test-method> <!-- tearDown -->
      </class> <!-- testCases.TC001_Register_User -->
    </test> <!-- Default test -->
  </suite> <!-- Default suite -->
</testng-results>
